<?xml version="1.0" encoding="UTF-8"?>
<!-- Generated by org.testng.reporters.JUnitReportReporter -->
<testsuite hostname="Ryota" failures="0" tests="4" name="myTestCases" time="1.274" errors="0" timestamp="2024-10-22T19:34:00 AST" skipped="2">
  <testcase classname="myTestCases" name="addSecondRowItems" time="0.203"/>
  <system-out/>
  <testcase classname="myTestCases" name="goToCart" time="1.071"/>
  <system-out/>
  <testcase classname="myTestCases" name="higherAmount">
    <skipped/>
  </testcase> <!-- higherAmount -->
  <system-out/>
  <testcase classname="myTestCases" name="addAllItemsHomePage">
    <skipped/>
  </testcase> <!-- addAllItemsHomePage -->
  <system-out/>
</testsuite> <!-- myTestCases -->
